ser# 114172220143  -> HM  72 22 01 43 -> ESB 01 72 22 01 43
ser# 99978563412  -> HM  78 56 34 12 -> ESB 01 78 56 34 12
2022-05-02 16:41:16.044179 Transmit | 15 72 22 01 43 78 56 34 12 80 0b 00 62 3c 8e cf 00 00 00 05 00 00 00 00 35 a3 08
2022-05-02 20:17:30.537507 Received 27 bytes on channel 75: 95 72 22 01 43 72 22 01 43 01 00 01 01 38 00 03 00 0a 01 39 00 04 00 0d 00 00 94
2022-05-02 20:17:30.585825 Received 27 bytes on channel 75: 95 72 22 01 43 72 22 01 43 02 8f ad 00 00 86 a6 06 29 06 37 08 dd 13 88 00 00 c5
2022-05-02 20:17:30.627815 Received 23 bytes on channel 61: 95 72 22 01 43 72 22 01 43 83 00 00 00 00 00 00 00 b8 0a b5 5f ff b1
2022-05-02 20:17:30.627815 Decoded: 44 string1= 31.2VDC 0.03A 1.0W 36781Wh 1577Wh/day string2= 31.3VDC 0.04A 1.3W 34470Wh 1591Wh/day phase1= 226.9VAC 0.0A 0.0W inverter=114172220143 50.0Hz 18.4°C
2022-05-02 16:41:16.044179 Transmit | 15 72 22 01 43 78 56 34 12 80 0b 00 62 3c 8e cf 00 00 00 05 00 00 00 00 35 a3 08
2022-05-02 20:17:35.898058 Received 27 bytes on channel 75: 95 72 22 01 43 72 22 01 43 01 00 01 01 38 00 03 00 0a 01 38 00 04 00 0d 00 00 95
2022-05-02 20:17:35.946379 Received 27 bytes on channel 75: 95 72 22 01 43 72 22 01 43 02 8f ad 00 00 86 a6 06 29 06 37 08 dd 13 88 00 00 c5
2022-05-02 16:41:16.044179 Transmit | 15 72 22 01 43 78 56 34 12 80 0b 00 62 3c 8e cf 00 00 00 05 00 00 00 00 35 a3 08
2022-05-02 20:17:36.276310 Received 23 bytes on channel 61: 95 72 22 01 43 72 22 01 43 83 00 00 00 00 00 00 00 b8 0a b6 9e d2 5e
2022-05-02 16:41:16.044179 Transmit | 15 72 22 01 43 78 56 34 12 80 0b 00 62 3c 8e cf 00 00 00 05 00 00 00 00 35 a3 08
2022-05-02 16:41:16.044179 Transmit | 15 72 22 01 43 78 56 34 12 80 0b 00 62 3c 8e cf 00 00 00 05 00 00 00 00 35 a3 08
2022-05-02 20:17:37.686338 Received 23 bytes on channel 61: 95 72 22 01 43 72 22 01 43 83 00 00 00 00 00 00 00 b8 0a b6 9e 13 9f
2022-05-02 16:41:16.044179 Transmit | 15 72 22 01 43 78 56 34 12 80 0b 00 62 3c 8e cf 00 00 00 05 00 00 00 00 35 a3 08
2022-05-02 16:41:16.044179 Transmit | 15 72 22 01 43 78 56 34 12 80 0b 00 62 3c 8e cf 00 00 00 05 00 00 00 00 35 a3 08
2022-05-02 20:17:39.090886 Received 23 bytes on channel 75: 95 72 22 01 43 72 22 01 43 83 00 00 00 00 00 00 00 b8 0a b6 b5 9b 3c
2022-05-02 16:41:16.044179 Transmit | 15 72 22 01 43 78 56 34 12 80 0b 00 62 3c 8e cf 00 00 00 05 00 00 00 00 35 a3 08
2022-05-02 20:17:39.350581 Received 27 bytes on channel 75: 95 72 22 01 43 72 22 01 43 01 00 01 01 37 00 03 00 0b 01 38 00 04 00 0d 00 00 9b
2022-05-02 20:17:39.398900 Received 27 bytes on channel 75: 95 72 22 01 43 72 22 01 43 02 8f ad 00 00 86 a6 06 29 06 37 08 dd 13 87 00 00 ca
2022-05-02 20:17:39.440872 Received 23 bytes on channel 61: 95 72 22 01 43 72 22 01 43 83 00 00 00 00 00 00 00 b8 0a b6 b5 9b 3c
2022-05-02 20:17:39.440872 Decoded: 44 string1= 31.1VDC 0.03A 1.1W 36781Wh 1577Wh/day string2= 31.2VDC 0.04A 1.3W 34470Wh 1591Wh/day phase1= 226.9VAC 0.0A 0.0W inverter=114172220143 49.99Hz 18.4°C
2022-05-02 16:41:16.044179 Transmit | 15 72 22 01 43 78 56 34 12 80 0b 00 62 3c 8e cf 00 00 00 05 00 00 00 00 35 a3 08
2022-05-02 20:17:44.716418 Received 27 bytes on channel 75: 95 72 22 01 43 72 22 01 43 01 00 01 01 38 00 03 00 0a 01 38 00 04 00 0d 00 00 95
2022-05-02 20:17:44.764740 Received 27 bytes on channel 75: 95 72 22 01 43 72 22 01 43 02 8f ad 00 00 86 a6 06 29 06 37 08 de 13 87 00 00 c9
2022-05-02 20:17:44.806715 Received 23 bytes on channel 61: 95 72 22 01 43 72 22 01 43 83 00 00 00 00 00 00 00 b8 0a b6 90 85 07
2022-05-02 20:17:44.806715 Decoded: 44 string1= 31.2VDC 0.03A 1.0W 36781Wh 1577Wh/day string2= 31.2VDC 0.04A 1.3W 34470Wh 1591Wh/day phase1= 227.0VAC 0.0A 0.0W inverter=114172220143 49.99Hz 18.4°C
2022-05-02 16:41:16.044179 Transmit | 15 72 22 01 43 78 56 34 12 80 0b 00 62 3c 8e cf 00 00 00 05 00 00 00 00 35 a3 08
2022-05-02 20:17:50.210592 Received 23 bytes on channel 61: 95 72 22 01 43 72 22 01 43 83 00 00 00 00 00 00 00 b7 0a b7 53 b5 fa
2022-05-02 16:41:16.044179 Transmit | 15 72 22 01 43 78 56 34 12 80 0b 00 62 3c 8e cf 00 00 00 05 00 00 00 00 35 a3 08
2022-05-02 20:17:50.458445 Received 27 bytes on channel 3: 95 72 22 01 43 72 22 01 43 01 00 01 01 38 00 03 00 0a 01 38 00 04 00 0d 00 00 95
2022-05-02 20:17:50.500825 Received 27 bytes on channel 75: 95 72 22 01 43 72 22 01 43 02 8f ad 00 00 86 a6 06 29 06 37 08 df 13 87 00 00 c8
2022-05-02 20:17:50.548964 Received 23 bytes on channel 75: 95 72 22 01 43 72 22 01 43 83 00 00 00 00 00 00 00 b7 0a b8 57 f5 b1
2022-05-02 20:17:50.548964 Decoded: 44 string1= 31.2VDC 0.03A 1.0W 36781Wh 1577Wh/day string2= 31.2VDC 0.04A 1.3W 34470Wh 1591Wh/day phase1= 227.1VAC 0.0A 0.0W inverter=114172220143 49.99Hz 18.3°C
2022-05-02 16:41:16.044179 Transmit | 15 72 22 01 43 78 56 34 12 80 0b 00 62 3c 8e cf 00 00 00 05 00 00 00 00 35 a3 08
2022-05-02 20:17:55.892247 Received 23 bytes on channel 75: 95 72 22 01 43 72 22 01 43 83 00 00 00 00 00 00 00 b8 0a b8 a0 cb 77
2022-05-02 16:41:16.044179 Transmit | 15 72 22 01 43 78 56 34 12 80 0b 00 62 3c 8e cf 00 00 00 05 00 00 00 00 35 a3 08
2022-05-02 16:41:16.044179 Transmit | 15 72 22 01 43 78 56 34 12 80 0b 00 62 3c 8e cf 00 00 00 05 00 00 00 00 35 a3 08
2022-05-02 16:41:16.044179 Transmit | 15 72 22 01 43 78 56 34 12 80 0b 00 62 3c 8e cf 00 00 00 05 00 00 00 00 35 a3 08
2022-05-02 20:17:58.334025 Received 23 bytes on channel 61: 95 72 22 01 43 72 22 01 43 83 00 00 00 00 00 00 00 b8 0a b9 a2 42 fd
2022-05-02 16:41:16.044179 Transmit | 15 72 22 01 43 78 56 34 12 80 0b 00 62 3c 8e cf 00 00 00 05 00 00 00 00 35 a3 08
2022-05-02 20:17:58.599447 Received 27 bytes on channel 3: 95 72 22 01 43 72 22 01 43 01 00 01 01 37 00 03 00 0b 01 37 00 04 00 0d 00 00 94
2022-05-02 20:17:58.641489 Received 27 bytes on channel 75: 95 72 22 01 43 72 22 01 43 02 8f ad 00 00 86 a6 06 29 06 37 08 e0 13 87 00 00 f7
2022-05-02 20:17:58.689386 Received 23 bytes on channel 75: 95 72 22 01 43 72 22 01 43 83 00 00 00 00 00 00 00 b8 0a b9 a2 42 fd
2022-05-02 20:17:58.689386 Decoded: 44 string1= 31.1VDC 0.03A 1.1W 36781Wh 1577Wh/day string2= 31.1VDC 0.04A 1.3W 34470Wh 1591Wh/day phase1= 227.2VAC 0.0A 0.0W inverter=114172220143 49.99Hz 18.4°C
2022-05-02 16:41:16.044179 Transmit | 15 72 22 01 43 78 56 34 12 80 0b 00 62 3c 8e cf 00 00 00 05 00 00 00 00 35 a3 08
2022-05-02 20:18:03.972211 Received 27 bytes on channel 3: 95 72 22 01 43 72 22 01 43 01 00 01 01 37 00 03 00 0b 01 37 00 04 00 0d 00 00 94
2022-05-02 20:18:04.014786 Received 27 bytes on channel 75: 95 72 22 01 43 72 22 01 43 02 8f ad 00 00 86 a6 06 29 06 37 08 df 13 86 00 00 c9
2022-05-02 20:18:04.062861 Received 23 bytes on channel 75: 95 72 22 01 43 72 22 01 43 83 00 00 00 00 00 00 00 b8 0a b9 33 3f 11
2022-05-02 20:18:04.062861 Decoded: 44 string1= 31.1VDC 0.03A 1.1W 36781Wh 1577Wh/day string2= 31.1VDC 0.04A 1.3W 34470Wh 1591Wh/day phase1= 227.1VAC 0.0A 0.0W inverter=114172220143 49.98Hz 18.4°C
2022-05-02 16:41:16.044179 Transmit | 15 72 22 01 43 78 56 34 12 80 0b 00 62 3c 8e cf 00 00 00 05 00 00 00 00 35 a3 08
2022-05-02 20:18:09.338889 Received 27 bytes on channel 3: 95 72 22 01 43 72 22 01 43 01 00 01 01 37 00 03 00 0b 01 37 00 04 00 0d 00 00 94
2022-05-02 20:18:09.381398 Received 27 bytes on channel 75: 95 72 22 01 43 72 22 01 43 02 8f ad 00 00 86 a6 06 29 06 37 08 df 13 86 00 00 c9
2022-05-02 20:18:09.429282 Received 23 bytes on channel 75: 95 72 22 01 43 72 22 01 43 83 00 00 00 00 00 00 00 b7 0a ba 31 4f 6f
2022-05-02 20:18:09.429282 Decoded: 44 string1= 31.1VDC 0.03A 1.1W 36781Wh 1577Wh/day string2= 31.1VDC 0.04A 1.3W 34470Wh 1591Wh/day phase1= 227.1VAC 0.0A 0.0W inverter=114172220143 49.98Hz 18.3°C
2022-05-02 16:41:16.044179 Transmit | 15 72 22 01 43 78 56 34 12 80 0b 00 62 3c 8e cf 00 00 00 05 00 00 00 00 35 a3 08
2022-05-02 20:18:14.698694 Received 27 bytes on channel 3: 95 72 22 01 43 72 22 01 43 01 00 01 01 37 00 03 00 0b 01 37 00 04 00 0d 00 00 94
2022-05-02 20:18:14.741020 Received 27 bytes on channel 75: 95 72 22 01 43 72 22 01 43 02 8f ad 00 00 86 a6 06 29 06 37 08 df 13 86 00 00 c9
2022-05-02 20:18:14.789129 Received 23 bytes on channel 75: 95 72 22 01 43 72 22 01 43 83 00 00 00 00 00 00 00 b7 0a bb f1 8e 6f
2022-05-02 20:18:14.789129 Decoded: 44 string1= 31.1VDC 0.03A 1.1W 36781Wh 1577Wh/day string2= 31.1VDC 0.04A 1.3W 34470Wh 1591Wh/day phase1= 227.1VAC 0.0A 0.0W inverter=114172220143 49.98Hz 18.3°C
2022-05-02 16:41:16.044179 Transmit | 15 72 22 01 43 78 56 34 12 80 0b 00 62 3c 8e cf 00 00 00 05 00 00 00 00 35 a3 08
2022-05-02 20:18:20.093249 Received 27 bytes on channel 75: 95 72 22 01 43 72 22 01 43 02 8f ad 00 00 86 a6 06 29 06 37 08 de 13 86 00 00 c8
2022-05-02 16:41:16.044179 Transmit | 15 72 22 01 43 78 56 34 12 80 0b 00 62 3c 8e cf 00 00 00 05 00 00 00 00 35 a3 08
2022-05-02 20:18:20.464025 Received 23 bytes on channel 75: 95 72 22 01 43 72 22 01 43 83 00 00 00 00 00 00 00 b9 0a bd 9c a6 22
2022-05-02 16:41:16.044179 Transmit | 15 72 22 01 43 78 56 34 12 80 0b 00 62 3c 8e cf 00 00 00 05 00 00 00 00 35 a3 08
2022-05-02 20:18:20.823208 Received 23 bytes on channel 61: 95 72 22 01 43 72 22 01 43 83 00 00 00 00 00 00 00 b9 0a bd 9c e7 63
2022-05-02 16:41:16.044179 Transmit | 15 72 22 01 43 78 56 34 12 80 0b 00 62 3c 8e cf 00 00 00 05 00 00 00 00 35 a3 08
2022-05-02 20:18:21.135380 Received 27 bytes on channel 75: 95 72 22 01 43 72 22 01 43 02 8f ad 00 00 86 a6 06 29 06 37 08 de 13 86 00 00 c8
2022-05-02 20:18:21.183390 Received 23 bytes on channel 75: 95 72 22 01 43 72 22 01 43 83 00 00 00 00 00 00 00 b9 0a bd 9c e7 63
